
*** Running vivado
    with args -log main.vds -m64 -product Vivado -mode batch -messageDb vivado.pb -notrace -source main.tcl



****** Vivado v2022.2 (64-bit)
  **** SW Build 3671981 on Fri Oct 14 05:00:03 MDT 2022
  **** IP Build 3669848 on Fri Oct 14 08:30:02 MDT 2022
    ** Copyright 1986-2022 Xilinx, Inc. All Rights Reserved.

source main.tcl -notrace
create_project: Time (s): cpu = 00:00:05 ; elapsed = 00:00:06 . Memory (MB): peak = 394.160 ; gain = 58.594
Command: read_checkpoint -auto_incremental -incremental C:/Users/Tina/Desktop/facultate/an3sem1/SCS/proiect/project_1/project_1.srcs/utils_1/imports/synth_1/mmx_operations.dcp
INFO: [Vivado 12-5825] Read reference checkpoint from C:/Users/Tina/Desktop/facultate/an3sem1/SCS/proiect/project_1/project_1.srcs/utils_1/imports/synth_1/mmx_operations.dcp for incremental synthesis
INFO: [Vivado 12-7989] Please ensure there are no constraint changes
Command: synth_design -top main -part xc7a35tcpg236-1
Starting synth_design
Attempting to get a license for feature 'Synthesis' and/or device 'xc7a35t'
INFO: [Common 17-349] Got license for feature 'Synthesis' and/or device 'xc7a35t'
INFO: [Device 21-403] Loading part xc7a35tcpg236-1
INFO: [Designutils 20-5440] No compile time benefit to using incremental synthesis; A full resynthesis will be run
INFO: [Designutils 20-4379] Flow is switching to default flow due to incremental criteria not met. If you would like to alter this behaviour and have the flow terminate instead, please set the following parameter config_implementation {autoIncr.Synth.RejectBehavior Terminate}
INFO: [Synth 8-7079] Multithreading enabled for synth_design using a maximum of 2 processes.
INFO: [Synth 8-7078] Launching helper process for spawning children vivado processes
INFO: [Synth 8-7075] Helper process launched with PID 2228
INFO: [Synth 8-11241] undeclared symbol 'REGCCE', assumed default net type 'wire' [D:/Xilinx/Vivado/2022.2/data/verilog/src/unimacro/BRAM_SINGLE_MACRO.v:2170]
---------------------------------------------------------------------------------
Starting RTL Elaboration : Time (s): cpu = 00:00:06 ; elapsed = 00:00:07 . Memory (MB): peak = 1206.188 ; gain = 409.477
---------------------------------------------------------------------------------
INFO: [Synth 8-638] synthesizing module 'main' [C:/Users/Tina/Desktop/facultate/an3sem1/SCS/proiect/project_1/project_1.srcs/sources_1/new/main.vhd:17]
INFO: [Synth 8-3491] module 'MPG' declared at 'C:/Users/Tina/Desktop/facultate/an3sem1/SCS/proiect/project_1/project_1.srcs/sources_1/new/MPG.vhd:5' bound to instance 'mpg_port_map_ok' of component 'MPG' [C:/Users/Tina/Desktop/facultate/an3sem1/SCS/proiect/project_1/project_1.srcs/sources_1/new/main.vhd:74]
INFO: [Synth 8-638] synthesizing module 'MPG' [C:/Users/Tina/Desktop/facultate/an3sem1/SCS/proiect/project_1/project_1.srcs/sources_1/new/MPG.vhd:11]
INFO: [Synth 8-256] done synthesizing module 'MPG' (0#1) [C:/Users/Tina/Desktop/facultate/an3sem1/SCS/proiect/project_1/project_1.srcs/sources_1/new/MPG.vhd:11]
INFO: [Synth 8-3491] module 'MPG' declared at 'C:/Users/Tina/Desktop/facultate/an3sem1/SCS/proiect/project_1/project_1.srcs/sources_1/new/MPG.vhd:5' bound to instance 'mpg_port_map_count' of component 'MPG' [C:/Users/Tina/Desktop/facultate/an3sem1/SCS/proiect/project_1/project_1.srcs/sources_1/new/main.vhd:75]
INFO: [Synth 8-3491] module 'MPG' declared at 'C:/Users/Tina/Desktop/facultate/an3sem1/SCS/proiect/project_1/project_1.srcs/sources_1/new/MPG.vhd:5' bound to instance 'reset_port_map' of component 'MPG' [C:/Users/Tina/Desktop/facultate/an3sem1/SCS/proiect/project_1/project_1.srcs/sources_1/new/main.vhd:76]
INFO: [Synth 8-3491] module 'RegFile' declared at 'C:/Users/Tina/Desktop/facultate/an3sem1/SCS/proiect/project_1/project_1.srcs/sources_1/new/regfile.vhd:6' bound to instance 'reg_file_port_map' of component 'RegFile' [C:/Users/Tina/Desktop/facultate/an3sem1/SCS/proiect/project_1/project_1.srcs/sources_1/new/main.vhd:78]
INFO: [Synth 8-638] synthesizing module 'RegFile' [C:/Users/Tina/Desktop/facultate/an3sem1/SCS/proiect/project_1/project_1.srcs/sources_1/new/regfile.vhd:20]
WARNING: [Synth 8-614] signal 'read_addr1' is read in the process but is not in the sensitivity list [C:/Users/Tina/Desktop/facultate/an3sem1/SCS/proiect/project_1/project_1.srcs/sources_1/new/regfile.vhd:33]
WARNING: [Synth 8-614] signal 'read_addr2' is read in the process but is not in the sensitivity list [C:/Users/Tina/Desktop/facultate/an3sem1/SCS/proiect/project_1/project_1.srcs/sources_1/new/regfile.vhd:33]
INFO: [Synth 8-256] done synthesizing module 'RegFile' (0#1) [C:/Users/Tina/Desktop/facultate/an3sem1/SCS/proiect/project_1/project_1.srcs/sources_1/new/regfile.vhd:20]
INFO: [Synth 8-3491] module 'mmx_operations' declared at 'C:/Users/Tina/Desktop/facultate/an3sem1/SCS/proiect/project_1/project_1.srcs/sources_1/new/mmx_operations.vhd:5' bound to instance 'operations' of component 'mmx_operations' [C:/Users/Tina/Desktop/facultate/an3sem1/SCS/proiect/project_1/project_1.srcs/sources_1/new/main.vhd:81]
INFO: [Synth 8-638] synthesizing module 'mmx_operations' [C:/Users/Tina/Desktop/facultate/an3sem1/SCS/proiect/project_1/project_1.srcs/sources_1/new/mmx_operations.vhd:15]
INFO: [Synth 8-3491] module 'paddb' declared at 'C:/Users/Tina/Desktop/facultate/an3sem1/SCS/proiect/project_1/project_1.srcs/sources_1/new/paddb.vhd:4' bound to instance 'paddb_port_map' of component 'paddb' [C:/Users/Tina/Desktop/facultate/an3sem1/SCS/proiect/project_1/project_1.srcs/sources_1/new/mmx_operations.vhd:98]
INFO: [Synth 8-638] synthesizing module 'paddb' [C:/Users/Tina/Desktop/facultate/an3sem1/SCS/proiect/project_1/project_1.srcs/sources_1/new/paddb.vhd:9]
INFO: [Synth 8-3491] module 'full_adder_8' declared at 'C:/Users/Tina/Desktop/facultate/an3sem1/SCS/proiect/project_1/project_1.srcs/sources_1/new/full_adder_8.vhd:4' bound to instance 'paddb64_inst0' of component 'full_adder_8' [C:/Users/Tina/Desktop/facultate/an3sem1/SCS/proiect/project_1/project_1.srcs/sources_1/new/paddb.vhd:22]
INFO: [Synth 8-638] synthesizing module 'full_adder_8' [C:/Users/Tina/Desktop/facultate/an3sem1/SCS/proiect/project_1/project_1.srcs/sources_1/new/full_adder_8.vhd:11]
INFO: [Synth 8-3491] module 'full_adder' declared at 'C:/Users/Tina/Desktop/facultate/an3sem1/SCS/proiect/project_1/project_1.srcs/sources_1/new/full_adder.vhd:4' bound to instance 'a0' of component 'full_adder' [C:/Users/Tina/Desktop/facultate/an3sem1/SCS/proiect/project_1/project_1.srcs/sources_1/new/full_adder_8.vhd:23]
INFO: [Synth 8-638] synthesizing module 'full_adder' [C:/Users/Tina/Desktop/facultate/an3sem1/SCS/proiect/project_1/project_1.srcs/sources_1/new/full_adder.vhd:9]
INFO: [Synth 8-256] done synthesizing module 'full_adder' (0#1) [C:/Users/Tina/Desktop/facultate/an3sem1/SCS/proiect/project_1/project_1.srcs/sources_1/new/full_adder.vhd:9]
INFO: [Synth 8-3491] module 'full_adder' declared at 'C:/Users/Tina/Desktop/facultate/an3sem1/SCS/proiect/project_1/project_1.srcs/sources_1/new/full_adder.vhd:4' bound to instance 'a1' of component 'full_adder' [C:/Users/Tina/Desktop/facultate/an3sem1/SCS/proiect/project_1/project_1.srcs/sources_1/new/full_adder_8.vhd:24]
INFO: [Synth 8-3491] module 'full_adder' declared at 'C:/Users/Tina/Desktop/facultate/an3sem1/SCS/proiect/project_1/project_1.srcs/sources_1/new/full_adder.vhd:4' bound to instance 'a2' of component 'full_adder' [C:/Users/Tina/Desktop/facultate/an3sem1/SCS/proiect/project_1/project_1.srcs/sources_1/new/full_adder_8.vhd:25]
INFO: [Synth 8-3491] module 'full_adder' declared at 'C:/Users/Tina/Desktop/facultate/an3sem1/SCS/proiect/project_1/project_1.srcs/sources_1/new/full_adder.vhd:4' bound to instance 'a3' of component 'full_adder' [C:/Users/Tina/Desktop/facultate/an3sem1/SCS/proiect/project_1/project_1.srcs/sources_1/new/full_adder_8.vhd:26]
INFO: [Synth 8-3491] module 'full_adder' declared at 'C:/Users/Tina/Desktop/facultate/an3sem1/SCS/proiect/project_1/project_1.srcs/sources_1/new/full_adder.vhd:4' bound to instance 'a4' of component 'full_adder' [C:/Users/Tina/Desktop/facultate/an3sem1/SCS/proiect/project_1/project_1.srcs/sources_1/new/full_adder_8.vhd:27]
INFO: [Synth 8-3491] module 'full_adder' declared at 'C:/Users/Tina/Desktop/facultate/an3sem1/SCS/proiect/project_1/project_1.srcs/sources_1/new/full_adder.vhd:4' bound to instance 'a5' of component 'full_adder' [C:/Users/Tina/Desktop/facultate/an3sem1/SCS/proiect/project_1/project_1.srcs/sources_1/new/full_adder_8.vhd:28]
INFO: [Synth 8-3491] module 'full_adder' declared at 'C:/Users/Tina/Desktop/facultate/an3sem1/SCS/proiect/project_1/project_1.srcs/sources_1/new/full_adder.vhd:4' bound to instance 'a6' of component 'full_adder' [C:/Users/Tina/Desktop/facultate/an3sem1/SCS/proiect/project_1/project_1.srcs/sources_1/new/full_adder_8.vhd:29]
INFO: [Synth 8-3491] module 'full_adder' declared at 'C:/Users/Tina/Desktop/facultate/an3sem1/SCS/proiect/project_1/project_1.srcs/sources_1/new/full_adder.vhd:4' bound to instance 'a7' of component 'full_adder' [C:/Users/Tina/Desktop/facultate/an3sem1/SCS/proiect/project_1/project_1.srcs/sources_1/new/full_adder_8.vhd:30]
INFO: [Synth 8-256] done synthesizing module 'full_adder_8' (0#1) [C:/Users/Tina/Desktop/facultate/an3sem1/SCS/proiect/project_1/project_1.srcs/sources_1/new/full_adder_8.vhd:11]
INFO: [Synth 8-3491] module 'full_adder_8' declared at 'C:/Users/Tina/Desktop/facultate/an3sem1/SCS/proiect/project_1/project_1.srcs/sources_1/new/full_adder_8.vhd:4' bound to instance 'paddb64_inst1' of component 'full_adder_8' [C:/Users/Tina/Desktop/facultate/an3sem1/SCS/proiect/project_1/project_1.srcs/sources_1/new/paddb.vhd:23]
INFO: [Synth 8-3491] module 'full_adder_8' declared at 'C:/Users/Tina/Desktop/facultate/an3sem1/SCS/proiect/project_1/project_1.srcs/sources_1/new/full_adder_8.vhd:4' bound to instance 'paddb64_inst2' of component 'full_adder_8' [C:/Users/Tina/Desktop/facultate/an3sem1/SCS/proiect/project_1/project_1.srcs/sources_1/new/paddb.vhd:24]
INFO: [Synth 8-3491] module 'full_adder_8' declared at 'C:/Users/Tina/Desktop/facultate/an3sem1/SCS/proiect/project_1/project_1.srcs/sources_1/new/full_adder_8.vhd:4' bound to instance 'paddb64_inst3' of component 'full_adder_8' [C:/Users/Tina/Desktop/facultate/an3sem1/SCS/proiect/project_1/project_1.srcs/sources_1/new/paddb.vhd:25]
INFO: [Synth 8-3491] module 'full_adder_8' declared at 'C:/Users/Tina/Desktop/facultate/an3sem1/SCS/proiect/project_1/project_1.srcs/sources_1/new/full_adder_8.vhd:4' bound to instance 'paddb64_inst4' of component 'full_adder_8' [C:/Users/Tina/Desktop/facultate/an3sem1/SCS/proiect/project_1/project_1.srcs/sources_1/new/paddb.vhd:26]
INFO: [Synth 8-3491] module 'full_adder_8' declared at 'C:/Users/Tina/Desktop/facultate/an3sem1/SCS/proiect/project_1/project_1.srcs/sources_1/new/full_adder_8.vhd:4' bound to instance 'paddb64_inst5' of component 'full_adder_8' [C:/Users/Tina/Desktop/facultate/an3sem1/SCS/proiect/project_1/project_1.srcs/sources_1/new/paddb.vhd:27]
INFO: [Synth 8-3491] module 'full_adder_8' declared at 'C:/Users/Tina/Desktop/facultate/an3sem1/SCS/proiect/project_1/project_1.srcs/sources_1/new/full_adder_8.vhd:4' bound to instance 'paddb64_inst6' of component 'full_adder_8' [C:/Users/Tina/Desktop/facultate/an3sem1/SCS/proiect/project_1/project_1.srcs/sources_1/new/paddb.vhd:28]
INFO: [Synth 8-3491] module 'full_adder_8' declared at 'C:/Users/Tina/Desktop/facultate/an3sem1/SCS/proiect/project_1/project_1.srcs/sources_1/new/full_adder_8.vhd:4' bound to instance 'paddb64_inst7' of component 'full_adder_8' [C:/Users/Tina/Desktop/facultate/an3sem1/SCS/proiect/project_1/project_1.srcs/sources_1/new/paddb.vhd:29]
INFO: [Synth 8-256] done synthesizing module 'paddb' (0#1) [C:/Users/Tina/Desktop/facultate/an3sem1/SCS/proiect/project_1/project_1.srcs/sources_1/new/paddb.vhd:9]
INFO: [Synth 8-3491] module 'paddw' declared at 'C:/Users/Tina/Desktop/facultate/an3sem1/SCS/proiect/project_1/project_1.srcs/sources_1/new/paddw.vhd:4' bound to instance 'paddw_port_map' of component 'paddw' [C:/Users/Tina/Desktop/facultate/an3sem1/SCS/proiect/project_1/project_1.srcs/sources_1/new/mmx_operations.vhd:99]
INFO: [Synth 8-638] synthesizing module 'paddw' [C:/Users/Tina/Desktop/facultate/an3sem1/SCS/proiect/project_1/project_1.srcs/sources_1/new/paddw.vhd:9]
INFO: [Synth 8-3491] module 'paddw_16' declared at 'C:/Users/Tina/Desktop/facultate/an3sem1/SCS/proiect/project_1/project_1.srcs/sources_1/new/paddw_16.vhd:4' bound to instance 'paddw64_inst0' of component 'paddw_16' [C:/Users/Tina/Desktop/facultate/an3sem1/SCS/proiect/project_1/project_1.srcs/sources_1/new/paddw.vhd:18]
INFO: [Synth 8-638] synthesizing module 'paddw_16' [C:/Users/Tina/Desktop/facultate/an3sem1/SCS/proiect/project_1/project_1.srcs/sources_1/new/paddw_16.vhd:9]
INFO: [Synth 8-3491] module 'full_adder_8' declared at 'C:/Users/Tina/Desktop/facultate/an3sem1/SCS/proiect/project_1/project_1.srcs/sources_1/new/full_adder_8.vhd:4' bound to instance 'paddw16_inst0' of component 'full_adder_8' [C:/Users/Tina/Desktop/facultate/an3sem1/SCS/proiect/project_1/project_1.srcs/sources_1/new/paddw_16.vhd:19]
INFO: [Synth 8-3491] module 'full_adder_8' declared at 'C:/Users/Tina/Desktop/facultate/an3sem1/SCS/proiect/project_1/project_1.srcs/sources_1/new/full_adder_8.vhd:4' bound to instance 'paddw16_inst1' of component 'full_adder_8' [C:/Users/Tina/Desktop/facultate/an3sem1/SCS/proiect/project_1/project_1.srcs/sources_1/new/paddw_16.vhd:20]
INFO: [Synth 8-256] done synthesizing module 'paddw_16' (0#1) [C:/Users/Tina/Desktop/facultate/an3sem1/SCS/proiect/project_1/project_1.srcs/sources_1/new/paddw_16.vhd:9]
INFO: [Synth 8-3491] module 'paddw_16' declared at 'C:/Users/Tina/Desktop/facultate/an3sem1/SCS/proiect/project_1/project_1.srcs/sources_1/new/paddw_16.vhd:4' bound to instance 'paddw64_inst1' of component 'paddw_16' [C:/Users/Tina/Desktop/facultate/an3sem1/SCS/proiect/project_1/project_1.srcs/sources_1/new/paddw.vhd:20]
INFO: [Synth 8-3491] module 'paddw_16' declared at 'C:/Users/Tina/Desktop/facultate/an3sem1/SCS/proiect/project_1/project_1.srcs/sources_1/new/paddw_16.vhd:4' bound to instance 'paddw64_inst2' of component 'paddw_16' [C:/Users/Tina/Desktop/facultate/an3sem1/SCS/proiect/project_1/project_1.srcs/sources_1/new/paddw.vhd:22]
INFO: [Synth 8-3491] module 'paddw_16' declared at 'C:/Users/Tina/Desktop/facultate/an3sem1/SCS/proiect/project_1/project_1.srcs/sources_1/new/paddw_16.vhd:4' bound to instance 'paddw64_inst3' of component 'paddw_16' [C:/Users/Tina/Desktop/facultate/an3sem1/SCS/proiect/project_1/project_1.srcs/sources_1/new/paddw.vhd:24]
INFO: [Synth 8-256] done synthesizing module 'paddw' (0#1) [C:/Users/Tina/Desktop/facultate/an3sem1/SCS/proiect/project_1/project_1.srcs/sources_1/new/paddw.vhd:9]
INFO: [Synth 8-3491] module 'paddd' declared at 'C:/Users/Tina/Desktop/facultate/an3sem1/SCS/proiect/project_1/project_1.srcs/sources_1/new/paddd.vhd:4' bound to instance 'paddd_port_map' of component 'paddd' [C:/Users/Tina/Desktop/facultate/an3sem1/SCS/proiect/project_1/project_1.srcs/sources_1/new/mmx_operations.vhd:100]
INFO: [Synth 8-638] synthesizing module 'paddd' [C:/Users/Tina/Desktop/facultate/an3sem1/SCS/proiect/project_1/project_1.srcs/sources_1/new/paddd.vhd:9]
INFO: [Synth 8-3491] module 'paddd_32' declared at 'C:/Users/Tina/Desktop/facultate/an3sem1/SCS/proiect/project_1/project_1.srcs/sources_1/new/paddd_32.vhd:4' bound to instance 'paddd64_inst0' of component 'paddd_32' [C:/Users/Tina/Desktop/facultate/an3sem1/SCS/proiect/project_1/project_1.srcs/sources_1/new/paddd.vhd:17]
INFO: [Synth 8-638] synthesizing module 'paddd_32' [C:/Users/Tina/Desktop/facultate/an3sem1/SCS/proiect/project_1/project_1.srcs/sources_1/new/paddd_32.vhd:9]
INFO: [Synth 8-3491] module 'full_adder_8' declared at 'C:/Users/Tina/Desktop/facultate/an3sem1/SCS/proiect/project_1/project_1.srcs/sources_1/new/full_adder_8.vhd:4' bound to instance 'paddd32_inst0' of component 'full_adder_8' [C:/Users/Tina/Desktop/facultate/an3sem1/SCS/proiect/project_1/project_1.srcs/sources_1/new/paddd_32.vhd:19]
INFO: [Synth 8-3491] module 'full_adder_8' declared at 'C:/Users/Tina/Desktop/facultate/an3sem1/SCS/proiect/project_1/project_1.srcs/sources_1/new/full_adder_8.vhd:4' bound to instance 'paddd32_inst1' of component 'full_adder_8' [C:/Users/Tina/Desktop/facultate/an3sem1/SCS/proiect/project_1/project_1.srcs/sources_1/new/paddd_32.vhd:20]
INFO: [Synth 8-3491] module 'full_adder_8' declared at 'C:/Users/Tina/Desktop/facultate/an3sem1/SCS/proiect/project_1/project_1.srcs/sources_1/new/full_adder_8.vhd:4' bound to instance 'paddd32_inst2' of component 'full_adder_8' [C:/Users/Tina/Desktop/facultate/an3sem1/SCS/proiect/project_1/project_1.srcs/sources_1/new/paddd_32.vhd:21]
INFO: [Synth 8-3491] module 'full_adder_8' declared at 'C:/Users/Tina/Desktop/facultate/an3sem1/SCS/proiect/project_1/project_1.srcs/sources_1/new/full_adder_8.vhd:4' bound to instance 'paddd32_inst3' of component 'full_adder_8' [C:/Users/Tina/Desktop/facultate/an3sem1/SCS/proiect/project_1/project_1.srcs/sources_1/new/paddd_32.vhd:22]
INFO: [Synth 8-256] done synthesizing module 'paddd_32' (0#1) [C:/Users/Tina/Desktop/facultate/an3sem1/SCS/proiect/project_1/project_1.srcs/sources_1/new/paddd_32.vhd:9]
INFO: [Synth 8-3491] module 'paddd_32' declared at 'C:/Users/Tina/Desktop/facultate/an3sem1/SCS/proiect/project_1/project_1.srcs/sources_1/new/paddd_32.vhd:4' bound to instance 'paddd64_inst2' of component 'paddd_32' [C:/Users/Tina/Desktop/facultate/an3sem1/SCS/proiect/project_1/project_1.srcs/sources_1/new/paddd.vhd:19]
INFO: [Synth 8-256] done synthesizing module 'paddd' (0#1) [C:/Users/Tina/Desktop/facultate/an3sem1/SCS/proiect/project_1/project_1.srcs/sources_1/new/paddd.vhd:9]
INFO: [Synth 8-3491] module 'paddsb' declared at 'C:/Users/Tina/Desktop/facultate/an3sem1/SCS/proiect/project_1/project_1.srcs/sources_1/new/paddsb.vhd:5' bound to instance 'paddsb_port_map' of component 'paddsb' [C:/Users/Tina/Desktop/facultate/an3sem1/SCS/proiect/project_1/project_1.srcs/sources_1/new/mmx_operations.vhd:101]
INFO: [Synth 8-638] synthesizing module 'paddsb' [C:/Users/Tina/Desktop/facultate/an3sem1/SCS/proiect/project_1/project_1.srcs/sources_1/new/paddsb.vhd:10]
INFO: [Synth 8-3491] module 'adder_sb' declared at 'C:/Users/Tina/Desktop/facultate/an3sem1/SCS/proiect/project_1/project_1.srcs/sources_1/new/adder_sb.vhd:4' bound to instance 'paddb64_inst0' of component 'adder_sb' [C:/Users/Tina/Desktop/facultate/an3sem1/SCS/proiect/project_1/project_1.srcs/sources_1/new/paddsb.vhd:17]
INFO: [Synth 8-638] synthesizing module 'adder_sb' [C:/Users/Tina/Desktop/facultate/an3sem1/SCS/proiect/project_1/project_1.srcs/sources_1/new/adder_sb.vhd:11]
INFO: [Synth 8-3491] module 'full_adder_8' declared at 'C:/Users/Tina/Desktop/facultate/an3sem1/SCS/proiect/project_1/project_1.srcs/sources_1/new/full_adder_8.vhd:4' bound to instance 'paddb64_inst0' of component 'full_adder_8' [C:/Users/Tina/Desktop/facultate/an3sem1/SCS/proiect/project_1/project_1.srcs/sources_1/new/adder_sb.vhd:31]
INFO: [Synth 8-256] done synthesizing module 'adder_sb' (0#1) [C:/Users/Tina/Desktop/facultate/an3sem1/SCS/proiect/project_1/project_1.srcs/sources_1/new/adder_sb.vhd:11]
INFO: [Synth 8-3491] module 'adder_sb' declared at 'C:/Users/Tina/Desktop/facultate/an3sem1/SCS/proiect/project_1/project_1.srcs/sources_1/new/adder_sb.vhd:4' bound to instance 'paddb64_inst1' of component 'adder_sb' [C:/Users/Tina/Desktop/facultate/an3sem1/SCS/proiect/project_1/project_1.srcs/sources_1/new/paddsb.vhd:18]
INFO: [Synth 8-3491] module 'adder_sb' declared at 'C:/Users/Tina/Desktop/facultate/an3sem1/SCS/proiect/project_1/project_1.srcs/sources_1/new/adder_sb.vhd:4' bound to instance 'paddb64_inst2' of component 'adder_sb' [C:/Users/Tina/Desktop/facultate/an3sem1/SCS/proiect/project_1/project_1.srcs/sources_1/new/paddsb.vhd:19]
INFO: [Synth 8-3491] module 'adder_sb' declared at 'C:/Users/Tina/Desktop/facultate/an3sem1/SCS/proiect/project_1/project_1.srcs/sources_1/new/adder_sb.vhd:4' bound to instance 'paddb64_inst3' of component 'adder_sb' [C:/Users/Tina/Desktop/facultate/an3sem1/SCS/proiect/project_1/project_1.srcs/sources_1/new/paddsb.vhd:20]
INFO: [Synth 8-3491] module 'adder_sb' declared at 'C:/Users/Tina/Desktop/facultate/an3sem1/SCS/proiect/project_1/project_1.srcs/sources_1/new/adder_sb.vhd:4' bound to instance 'paddb64_inst4' of component 'adder_sb' [C:/Users/Tina/Desktop/facultate/an3sem1/SCS/proiect/project_1/project_1.srcs/sources_1/new/paddsb.vhd:21]
INFO: [Synth 8-3491] module 'adder_sb' declared at 'C:/Users/Tina/Desktop/facultate/an3sem1/SCS/proiect/project_1/project_1.srcs/sources_1/new/adder_sb.vhd:4' bound to instance 'paddb64_inst5' of component 'adder_sb' [C:/Users/Tina/Desktop/facultate/an3sem1/SCS/proiect/project_1/project_1.srcs/sources_1/new/paddsb.vhd:22]
INFO: [Synth 8-3491] module 'adder_sb' declared at 'C:/Users/Tina/Desktop/facultate/an3sem1/SCS/proiect/project_1/project_1.srcs/sources_1/new/adder_sb.vhd:4' bound to instance 'paddb64_inst6' of component 'adder_sb' [C:/Users/Tina/Desktop/facultate/an3sem1/SCS/proiect/project_1/project_1.srcs/sources_1/new/paddsb.vhd:23]
INFO: [Synth 8-3491] module 'adder_sb' declared at 'C:/Users/Tina/Desktop/facultate/an3sem1/SCS/proiect/project_1/project_1.srcs/sources_1/new/adder_sb.vhd:4' bound to instance 'paddb64_inst7' of component 'adder_sb' [C:/Users/Tina/Desktop/facultate/an3sem1/SCS/proiect/project_1/project_1.srcs/sources_1/new/paddsb.vhd:24]
INFO: [Synth 8-256] done synthesizing module 'paddsb' (0#1) [C:/Users/Tina/Desktop/facultate/an3sem1/SCS/proiect/project_1/project_1.srcs/sources_1/new/paddsb.vhd:10]
INFO: [Synth 8-3491] module 'paddsw' declared at 'C:/Users/Tina/Desktop/facultate/an3sem1/SCS/proiect/project_1/project_1.srcs/sources_1/new/paddsw.vhd:4' bound to instance 'paddsw_port_map' of component 'paddsw' [C:/Users/Tina/Desktop/facultate/an3sem1/SCS/proiect/project_1/project_1.srcs/sources_1/new/mmx_operations.vhd:102]
INFO: [Synth 8-638] synthesizing module 'paddsw' [C:/Users/Tina/Desktop/facultate/an3sem1/SCS/proiect/project_1/project_1.srcs/sources_1/new/paddsw.vhd:9]
INFO: [Synth 8-3491] module 'paddsw_16' declared at 'C:/Users/Tina/Desktop/facultate/an3sem1/SCS/proiect/project_1/project_1.srcs/sources_1/new/paddsw_16.vhd:4' bound to instance 'paddsw64_inst0' of component 'paddsw_16' [C:/Users/Tina/Desktop/facultate/an3sem1/SCS/proiect/project_1/project_1.srcs/sources_1/new/paddsw.vhd:16]
INFO: [Synth 8-638] synthesizing module 'paddsw_16' [C:/Users/Tina/Desktop/facultate/an3sem1/SCS/proiect/project_1/project_1.srcs/sources_1/new/paddsw_16.vhd:11]
INFO: [Synth 8-3491] module 'full_adder_8' declared at 'C:/Users/Tina/Desktop/facultate/an3sem1/SCS/proiect/project_1/project_1.srcs/sources_1/new/full_adder_8.vhd:4' bound to instance 'paddsw16_inst0' of component 'full_adder_8' [C:/Users/Tina/Desktop/facultate/an3sem1/SCS/proiect/project_1/project_1.srcs/sources_1/new/paddsw_16.vhd:26]
INFO: [Synth 8-3491] module 'full_adder_8' declared at 'C:/Users/Tina/Desktop/facultate/an3sem1/SCS/proiect/project_1/project_1.srcs/sources_1/new/full_adder_8.vhd:4' bound to instance 'paddsw16_inst1' of component 'full_adder_8' [C:/Users/Tina/Desktop/facultate/an3sem1/SCS/proiect/project_1/project_1.srcs/sources_1/new/paddsw_16.vhd:29]
WARNING: [Synth 8-614] signal 'cin_signal' is read in the process but is not in the sensitivity list [C:/Users/Tina/Desktop/facultate/an3sem1/SCS/proiect/project_1/project_1.srcs/sources_1/new/paddsw_16.vhd:32]
INFO: [Synth 8-256] done synthesizing module 'paddsw_16' (0#1) [C:/Users/Tina/Desktop/facultate/an3sem1/SCS/proiect/project_1/project_1.srcs/sources_1/new/paddsw_16.vhd:11]
INFO: [Synth 8-3491] module 'paddsw_16' declared at 'C:/Users/Tina/Desktop/facultate/an3sem1/SCS/proiect/project_1/project_1.srcs/sources_1/new/paddsw_16.vhd:4' bound to instance 'paddsw64_inst1' of component 'paddsw_16' [C:/Users/Tina/Desktop/facultate/an3sem1/SCS/proiect/project_1/project_1.srcs/sources_1/new/paddsw.vhd:18]
INFO: [Synth 8-3491] module 'paddsw_16' declared at 'C:/Users/Tina/Desktop/facultate/an3sem1/SCS/proiect/project_1/project_1.srcs/sources_1/new/paddsw_16.vhd:4' bound to instance 'paddsw64_inst2' of component 'paddsw_16' [C:/Users/Tina/Desktop/facultate/an3sem1/SCS/proiect/project_1/project_1.srcs/sources_1/new/paddsw.vhd:20]
INFO: [Synth 8-3491] module 'paddsw_16' declared at 'C:/Users/Tina/Desktop/facultate/an3sem1/SCS/proiect/project_1/project_1.srcs/sources_1/new/paddsw_16.vhd:4' bound to instance 'paddsw64_inst3' of component 'paddsw_16' [C:/Users/Tina/Desktop/facultate/an3sem1/SCS/proiect/project_1/project_1.srcs/sources_1/new/paddsw.vhd:22]
INFO: [Synth 8-256] done synthesizing module 'paddsw' (0#1) [C:/Users/Tina/Desktop/facultate/an3sem1/SCS/proiect/project_1/project_1.srcs/sources_1/new/paddsw.vhd:9]
INFO: [Synth 8-3491] module 'paddusb' declared at 'C:/Users/Tina/Desktop/facultate/an3sem1/SCS/proiect/project_1/project_1.srcs/sources_1/new/paddusb.vhd:4' bound to instance 'paddusb_port_map' of component 'paddusb' [C:/Users/Tina/Desktop/facultate/an3sem1/SCS/proiect/project_1/project_1.srcs/sources_1/new/mmx_operations.vhd:103]
INFO: [Synth 8-638] synthesizing module 'paddusb' [C:/Users/Tina/Desktop/facultate/an3sem1/SCS/proiect/project_1/project_1.srcs/sources_1/new/paddusb.vhd:9]
INFO: [Synth 8-3491] module 'adder_usb' declared at 'C:/Users/Tina/Desktop/facultate/an3sem1/SCS/proiect/project_1/project_1.srcs/sources_1/new/adder_usb.vhd:5' bound to instance 'paddb64_inst0' of component 'adder_usb' [C:/Users/Tina/Desktop/facultate/an3sem1/SCS/proiect/project_1/project_1.srcs/sources_1/new/paddusb.vhd:18]
INFO: [Synth 8-638] synthesizing module 'adder_usb' [C:/Users/Tina/Desktop/facultate/an3sem1/SCS/proiect/project_1/project_1.srcs/sources_1/new/adder_usb.vhd:10]
INFO: [Synth 8-3491] module 'full_adder_8' declared at 'C:/Users/Tina/Desktop/facultate/an3sem1/SCS/proiect/project_1/project_1.srcs/sources_1/new/full_adder_8.vhd:4' bound to instance 'paddb_full_adder' of component 'full_adder_8' [C:/Users/Tina/Desktop/facultate/an3sem1/SCS/proiect/project_1/project_1.srcs/sources_1/new/adder_usb.vhd:21]
INFO: [Synth 8-256] done synthesizing module 'adder_usb' (0#1) [C:/Users/Tina/Desktop/facultate/an3sem1/SCS/proiect/project_1/project_1.srcs/sources_1/new/adder_usb.vhd:10]
INFO: [Synth 8-3491] module 'adder_usb' declared at 'C:/Users/Tina/Desktop/facultate/an3sem1/SCS/proiect/project_1/project_1.srcs/sources_1/new/adder_usb.vhd:5' bound to instance 'paddb64_inst1' of component 'adder_usb' [C:/Users/Tina/Desktop/facultate/an3sem1/SCS/proiect/project_1/project_1.srcs/sources_1/new/paddusb.vhd:19]
INFO: [Synth 8-3491] module 'adder_usb' declared at 'C:/Users/Tina/Desktop/facultate/an3sem1/SCS/proiect/project_1/project_1.srcs/sources_1/new/adder_usb.vhd:5' bound to instance 'paddb64_inst2' of component 'adder_usb' [C:/Users/Tina/Desktop/facultate/an3sem1/SCS/proiect/project_1/project_1.srcs/sources_1/new/paddusb.vhd:20]
INFO: [Synth 8-3491] module 'adder_usb' declared at 'C:/Users/Tina/Desktop/facultate/an3sem1/SCS/proiect/project_1/project_1.srcs/sources_1/new/adder_usb.vhd:5' bound to instance 'paddb64_inst3' of component 'adder_usb' [C:/Users/Tina/Desktop/facultate/an3sem1/SCS/proiect/project_1/project_1.srcs/sources_1/new/paddusb.vhd:21]
INFO: [Synth 8-3491] module 'adder_usb' declared at 'C:/Users/Tina/Desktop/facultate/an3sem1/SCS/proiect/project_1/project_1.srcs/sources_1/new/adder_usb.vhd:5' bound to instance 'paddb64_inst4' of component 'adder_usb' [C:/Users/Tina/Desktop/facultate/an3sem1/SCS/proiect/project_1/project_1.srcs/sources_1/new/paddusb.vhd:22]
INFO: [Synth 8-3491] module 'adder_usb' declared at 'C:/Users/Tina/Desktop/facultate/an3sem1/SCS/proiect/project_1/project_1.srcs/sources_1/new/adder_usb.vhd:5' bound to instance 'paddb64_inst5' of component 'adder_usb' [C:/Users/Tina/Desktop/facultate/an3sem1/SCS/proiect/project_1/project_1.srcs/sources_1/new/paddusb.vhd:23]
INFO: [Synth 8-3491] module 'adder_usb' declared at 'C:/Users/Tina/Desktop/facultate/an3sem1/SCS/proiect/project_1/project_1.srcs/sources_1/new/adder_usb.vhd:5' bound to instance 'paddb64_inst6' of component 'adder_usb' [C:/Users/Tina/Desktop/facultate/an3sem1/SCS/proiect/project_1/project_1.srcs/sources_1/new/paddusb.vhd:24]
INFO: [Synth 8-3491] module 'adder_usb' declared at 'C:/Users/Tina/Desktop/facultate/an3sem1/SCS/proiect/project_1/project_1.srcs/sources_1/new/adder_usb.vhd:5' bound to instance 'paddb64_inst7' of component 'adder_usb' [C:/Users/Tina/Desktop/facultate/an3sem1/SCS/proiect/project_1/project_1.srcs/sources_1/new/paddusb.vhd:25]
INFO: [Synth 8-256] done synthesizing module 'paddusb' (0#1) [C:/Users/Tina/Desktop/facultate/an3sem1/SCS/proiect/project_1/project_1.srcs/sources_1/new/paddusb.vhd:9]
INFO: [Synth 8-3491] module 'paddusw' declared at 'C:/Users/Tina/Desktop/facultate/an3sem1/SCS/proiect/project_1/project_1.srcs/sources_1/new/paddusw.vhd:4' bound to instance 'paddusw_port_map' of component 'paddusw' [C:/Users/Tina/Desktop/facultate/an3sem1/SCS/proiect/project_1/project_1.srcs/sources_1/new/mmx_operations.vhd:104]
INFO: [Synth 8-638] synthesizing module 'paddusw' [C:/Users/Tina/Desktop/facultate/an3sem1/SCS/proiect/project_1/project_1.srcs/sources_1/new/paddusw.vhd:9]
INFO: [Synth 8-3491] module 'paddusw_16' declared at 'C:/Users/Tina/Desktop/facultate/an3sem1/SCS/proiect/project_1/project_1.srcs/sources_1/new/paddusw_16.vhd:6' bound to instance 'paddusw64_inst0' of component 'paddusw_16' [C:/Users/Tina/Desktop/facultate/an3sem1/SCS/proiect/project_1/project_1.srcs/sources_1/new/paddusw.vhd:16]
INFO: [Synth 8-638] synthesizing module 'paddusw_16' [C:/Users/Tina/Desktop/facultate/an3sem1/SCS/proiect/project_1/project_1.srcs/sources_1/new/paddusw_16.vhd:11]
INFO: [Synth 8-3491] module 'full_adder_8' declared at 'C:/Users/Tina/Desktop/facultate/an3sem1/SCS/proiect/project_1/project_1.srcs/sources_1/new/full_adder_8.vhd:4' bound to instance 'paddusw16_inst0' of component 'full_adder_8' [C:/Users/Tina/Desktop/facultate/an3sem1/SCS/proiect/project_1/project_1.srcs/sources_1/new/paddusw_16.vhd:22]
INFO: [Synth 8-3491] module 'full_adder_8' declared at 'C:/Users/Tina/Desktop/facultate/an3sem1/SCS/proiect/project_1/project_1.srcs/sources_1/new/full_adder_8.vhd:4' bound to instance 'paddusw16_inst1' of component 'full_adder_8' [C:/Users/Tina/Desktop/facultate/an3sem1/SCS/proiect/project_1/project_1.srcs/sources_1/new/paddusw_16.vhd:23]
INFO: [Synth 8-256] done synthesizing module 'paddusw_16' (0#1) [C:/Users/Tina/Desktop/facultate/an3sem1/SCS/proiect/project_1/project_1.srcs/sources_1/new/paddusw_16.vhd:11]
INFO: [Synth 8-3491] module 'paddusw_16' declared at 'C:/Users/Tina/Desktop/facultate/an3sem1/SCS/proiect/project_1/project_1.srcs/sources_1/new/paddusw_16.vhd:6' bound to instance 'paddusw64_inst1' of component 'paddusw_16' [C:/Users/Tina/Desktop/facultate/an3sem1/SCS/proiect/project_1/project_1.srcs/sources_1/new/paddusw.vhd:18]
INFO: [Synth 8-3491] module 'paddusw_16' declared at 'C:/Users/Tina/Desktop/facultate/an3sem1/SCS/proiect/project_1/project_1.srcs/sources_1/new/paddusw_16.vhd:6' bound to instance 'paddusw64_inst2' of component 'paddusw_16' [C:/Users/Tina/Desktop/facultate/an3sem1/SCS/proiect/project_1/project_1.srcs/sources_1/new/paddusw.vhd:20]
INFO: [Synth 8-3491] module 'paddusw_16' declared at 'C:/Users/Tina/Desktop/facultate/an3sem1/SCS/proiect/project_1/project_1.srcs/sources_1/new/paddusw_16.vhd:6' bound to instance 'paddusw64_inst3' of component 'paddusw_16' [C:/Users/Tina/Desktop/facultate/an3sem1/SCS/proiect/project_1/project_1.srcs/sources_1/new/paddusw.vhd:22]
INFO: [Synth 8-256] done synthesizing module 'paddusw' (0#1) [C:/Users/Tina/Desktop/facultate/an3sem1/SCS/proiect/project_1/project_1.srcs/sources_1/new/paddusw.vhd:9]
INFO: [Synth 8-3491] module 'and_64' declared at 'C:/Users/Tina/Desktop/facultate/an3sem1/SCS/proiect/project_1/project_1.srcs/sources_1/new/and_64.vhd:4' bound to instance 'and_port_map' of component 'and_64' [C:/Users/Tina/Desktop/facultate/an3sem1/SCS/proiect/project_1/project_1.srcs/sources_1/new/mmx_operations.vhd:106]
INFO: [Synth 8-638] synthesizing module 'and_64' [C:/Users/Tina/Desktop/facultate/an3sem1/SCS/proiect/project_1/project_1.srcs/sources_1/new/and_64.vhd:11]
INFO: [Synth 8-3491] module 'and_gate' declared at 'C:/Users/Tina/Desktop/facultate/an3sem1/SCS/proiect/project_1/project_1.srcs/sources_1/new/and_gate.vhd:4' bound to instance 'and_gate_64' of component 'and_gate' [C:/Users/Tina/Desktop/facultate/an3sem1/SCS/proiect/project_1/project_1.srcs/sources_1/new/and_64.vhd:20]
INFO: [Synth 8-638] synthesizing module 'and_gate' [C:/Users/Tina/Desktop/facultate/an3sem1/SCS/proiect/project_1/project_1.srcs/sources_1/new/and_gate.vhd:9]
INFO: [Synth 8-256] done synthesizing module 'and_gate' (0#1) [C:/Users/Tina/Desktop/facultate/an3sem1/SCS/proiect/project_1/project_1.srcs/sources_1/new/and_gate.vhd:9]
INFO: [Synth 8-3491] module 'and_gate' declared at 'C:/Users/Tina/Desktop/facultate/an3sem1/SCS/proiect/project_1/project_1.srcs/sources_1/new/and_gate.vhd:4' bound to instance 'and_gate_64' of component 'and_gate' [C:/Users/Tina/Desktop/facultate/an3sem1/SCS/proiect/project_1/project_1.srcs/sources_1/new/and_64.vhd:20]
INFO: [Synth 8-3491] module 'and_gate' declared at 'C:/Users/Tina/Desktop/facultate/an3sem1/SCS/proiect/project_1/project_1.srcs/sources_1/new/and_gate.vhd:4' bound to instance 'and_gate_64' of component 'and_gate' [C:/Users/Tina/Desktop/facultate/an3sem1/SCS/proiect/project_1/project_1.srcs/sources_1/new/and_64.vhd:20]
INFO: [Synth 8-3491] module 'and_gate' declared at 'C:/Users/Tina/Desktop/facultate/an3sem1/SCS/proiect/project_1/project_1.srcs/sources_1/new/and_gate.vhd:4' bound to instance 'and_gate_64' of component 'and_gate' [C:/Users/Tina/Desktop/facultate/an3sem1/SCS/proiect/project_1/project_1.srcs/sources_1/new/and_64.vhd:20]
INFO: [Synth 8-3491] module 'and_gate' declared at 'C:/Users/Tina/Desktop/facultate/an3sem1/SCS/proiect/project_1/project_1.srcs/sources_1/new/and_gate.vhd:4' bound to instance 'and_gate_64' of component 'and_gate' [C:/Users/Tina/Desktop/facultate/an3sem1/SCS/proiect/project_1/project_1.srcs/sources_1/new/and_64.vhd:20]
INFO: [Synth 8-3491] module 'and_gate' declared at 'C:/Users/Tina/Desktop/facultate/an3sem1/SCS/proiect/project_1/project_1.srcs/sources_1/new/and_gate.vhd:4' bound to instance 'and_gate_64' of component 'and_gate' [C:/Users/Tina/Desktop/facultate/an3sem1/SCS/proiect/project_1/project_1.srcs/sources_1/new/and_64.vhd:20]
INFO: [Synth 8-3491] module 'and_gate' declared at 'C:/Users/Tina/Desktop/facultate/an3sem1/SCS/proiect/project_1/project_1.srcs/sources_1/new/and_gate.vhd:4' bound to instance 'and_gate_64' of component 'and_gate' [C:/Users/Tina/Desktop/facultate/an3sem1/SCS/proiect/project_1/project_1.srcs/sources_1/new/and_64.vhd:20]
INFO: [Synth 8-3491] module 'and_gate' declared at 'C:/Users/Tina/Desktop/facultate/an3sem1/SCS/proiect/project_1/project_1.srcs/sources_1/new/and_gate.vhd:4' bound to instance 'and_gate_64' of component 'and_gate' [C:/Users/Tina/Desktop/facultate/an3sem1/SCS/proiect/project_1/project_1.srcs/sources_1/new/and_64.vhd:20]
INFO: [Synth 8-3491] module 'and_gate' declared at 'C:/Users/Tina/Desktop/facultate/an3sem1/SCS/proiect/project_1/project_1.srcs/sources_1/new/and_gate.vhd:4' bound to instance 'and_gate_64' of component 'and_gate' [C:/Users/Tina/Desktop/facultate/an3sem1/SCS/proiect/project_1/project_1.srcs/sources_1/new/and_64.vhd:20]
INFO: [Synth 8-3491] module 'and_gate' declared at 'C:/Users/Tina/Desktop/facultate/an3sem1/SCS/proiect/project_1/project_1.srcs/sources_1/new/and_gate.vhd:4' bound to instance 'and_gate_64' of component 'and_gate' [C:/Users/Tina/Desktop/facultate/an3sem1/SCS/proiect/project_1/project_1.srcs/sources_1/new/and_64.vhd:20]
INFO: [Synth 8-3491] module 'and_gate' declared at 'C:/Users/Tina/Desktop/facultate/an3sem1/SCS/proiect/project_1/project_1.srcs/sources_1/new/and_gate.vhd:4' bound to instance 'and_gate_64' of component 'and_gate' [C:/Users/Tina/Desktop/facultate/an3sem1/SCS/proiect/project_1/project_1.srcs/sources_1/new/and_64.vhd:20]
INFO: [Synth 8-3491] module 'and_gate' declared at 'C:/Users/Tina/Desktop/facultate/an3sem1/SCS/proiect/project_1/project_1.srcs/sources_1/new/and_gate.vhd:4' bound to instance 'and_gate_64' of component 'and_gate' [C:/Users/Tina/Desktop/facultate/an3sem1/SCS/proiect/project_1/project_1.srcs/sources_1/new/and_64.vhd:20]
INFO: [Synth 8-3491] module 'and_gate' declared at 'C:/Users/Tina/Desktop/facultate/an3sem1/SCS/proiect/project_1/project_1.srcs/sources_1/new/and_gate.vhd:4' bound to instance 'and_gate_64' of component 'and_gate' [C:/Users/Tina/Desktop/facultate/an3sem1/SCS/proiect/project_1/project_1.srcs/sources_1/new/and_64.vhd:20]
INFO: [Synth 8-3491] module 'and_gate' declared at 'C:/Users/Tina/Desktop/facultate/an3sem1/SCS/proiect/project_1/project_1.srcs/sources_1/new/and_gate.vhd:4' bound to instance 'and_gate_64' of component 'and_gate' [C:/Users/Tina/Desktop/facultate/an3sem1/SCS/proiect/project_1/project_1.srcs/sources_1/new/and_64.vhd:20]
INFO: [Synth 8-3491] module 'and_gate' declared at 'C:/Users/Tina/Desktop/facultate/an3sem1/SCS/proiect/project_1/project_1.srcs/sources_1/new/and_gate.vhd:4' bound to instance 'and_gate_64' of component 'and_gate' [C:/Users/Tina/Desktop/facultate/an3sem1/SCS/proiect/project_1/project_1.srcs/sources_1/new/and_64.vhd:20]
INFO: [Synth 8-3491] module 'and_gate' declared at 'C:/Users/Tina/Desktop/facultate/an3sem1/SCS/proiect/project_1/project_1.srcs/sources_1/new/and_gate.vhd:4' bound to instance 'and_gate_64' of component 'and_gate' [C:/Users/Tina/Desktop/facultate/an3sem1/SCS/proiect/project_1/project_1.srcs/sources_1/new/and_64.vhd:20]
INFO: [Synth 8-3491] module 'and_gate' declared at 'C:/Users/Tina/Desktop/facultate/an3sem1/SCS/proiect/project_1/project_1.srcs/sources_1/new/and_gate.vhd:4' bound to instance 'and_gate_64' of component 'and_gate' [C:/Users/Tina/Desktop/facultate/an3sem1/SCS/proiect/project_1/project_1.srcs/sources_1/new/and_64.vhd:20]
INFO: [Synth 8-3491] module 'and_gate' declared at 'C:/Users/Tina/Desktop/facultate/an3sem1/SCS/proiect/project_1/project_1.srcs/sources_1/new/and_gate.vhd:4' bound to instance 'and_gate_64' of component 'and_gate' [C:/Users/Tina/Desktop/facultate/an3sem1/SCS/proiect/project_1/project_1.srcs/sources_1/new/and_64.vhd:20]
INFO: [Synth 8-3491] module 'and_gate' declared at 'C:/Users/Tina/Desktop/facultate/an3sem1/SCS/proiect/project_1/project_1.srcs/sources_1/new/and_gate.vhd:4' bound to instance 'and_gate_64' of component 'and_gate' [C:/Users/Tina/Desktop/facultate/an3sem1/SCS/proiect/project_1/project_1.srcs/sources_1/new/and_64.vhd:20]
INFO: [Synth 8-3491] module 'and_gate' declared at 'C:/Users/Tina/Desktop/facultate/an3sem1/SCS/proiect/project_1/project_1.srcs/sources_1/new/and_gate.vhd:4' bound to instance 'and_gate_64' of component 'and_gate' [C:/Users/Tina/Desktop/facultate/an3sem1/SCS/proiect/project_1/project_1.srcs/sources_1/new/and_64.vhd:20]
INFO: [Synth 8-3491] module 'and_gate' declared at 'C:/Users/Tina/Desktop/facultate/an3sem1/SCS/proiect/project_1/project_1.srcs/sources_1/new/and_gate.vhd:4' bound to instance 'and_gate_64' of component 'and_gate' [C:/Users/Tina/Desktop/facultate/an3sem1/SCS/proiect/project_1/project_1.srcs/sources_1/new/and_64.vhd:20]
INFO: [Synth 8-3491] module 'and_gate' declared at 'C:/Users/Tina/Desktop/facultate/an3sem1/SCS/proiect/project_1/project_1.srcs/sources_1/new/and_gate.vhd:4' bound to instance 'and_gate_64' of component 'and_gate' [C:/Users/Tina/Desktop/facultate/an3sem1/SCS/proiect/project_1/project_1.srcs/sources_1/new/and_64.vhd:20]
INFO: [Synth 8-3491] module 'and_gate' declared at 'C:/Users/Tina/Desktop/facultate/an3sem1/SCS/proiect/project_1/project_1.srcs/sources_1/new/and_gate.vhd:4' bound to instance 'and_gate_64' of component 'and_gate' [C:/Users/Tina/Desktop/facultate/an3sem1/SCS/proiect/project_1/project_1.srcs/sources_1/new/and_64.vhd:20]
INFO: [Synth 8-3491] module 'and_gate' declared at 'C:/Users/Tina/Desktop/facultate/an3sem1/SCS/proiect/project_1/project_1.srcs/sources_1/new/and_gate.vhd:4' bound to instance 'and_gate_64' of component 'and_gate' [C:/Users/Tina/Desktop/facultate/an3sem1/SCS/proiect/project_1/project_1.srcs/sources_1/new/and_64.vhd:20]
INFO: [Synth 8-3491] module 'and_gate' declared at 'C:/Users/Tina/Desktop/facultate/an3sem1/SCS/proiect/project_1/project_1.srcs/sources_1/new/and_gate.vhd:4' bound to instance 'and_gate_64' of component 'and_gate' [C:/Users/Tina/Desktop/facultate/an3sem1/SCS/proiect/project_1/project_1.srcs/sources_1/new/and_64.vhd:20]
INFO: [Synth 8-3491] module 'and_gate' declared at 'C:/Users/Tina/Desktop/facultate/an3sem1/SCS/proiect/project_1/project_1.srcs/sources_1/new/and_gate.vhd:4' bound to instance 'and_gate_64' of component 'and_gate' [C:/Users/Tina/Desktop/facultate/an3sem1/SCS/proiect/project_1/project_1.srcs/sources_1/new/and_64.vhd:20]
INFO: [Synth 8-3491] module 'and_gate' declared at 'C:/Users/Tina/Desktop/facultate/an3sem1/SCS/proiect/project_1/project_1.srcs/sources_1/new/and_gate.vhd:4' bound to instance 'and_gate_64' of component 'and_gate' [C:/Users/Tina/Desktop/facultate/an3sem1/SCS/proiect/project_1/project_1.srcs/sources_1/new/and_64.vhd:20]
INFO: [Synth 8-3491] module 'and_gate' declared at 'C:/Users/Tina/Desktop/facultate/an3sem1/SCS/proiect/project_1/project_1.srcs/sources_1/new/and_gate.vhd:4' bound to instance 'and_gate_64' of component 'and_gate' [C:/Users/Tina/Desktop/facultate/an3sem1/SCS/proiect/project_1/project_1.srcs/sources_1/new/and_64.vhd:20]
INFO: [Synth 8-3491] module 'and_gate' declared at 'C:/Users/Tina/Desktop/facultate/an3sem1/SCS/proiect/project_1/project_1.srcs/sources_1/new/and_gate.vhd:4' bound to instance 'and_gate_64' of component 'and_gate' [C:/Users/Tina/Desktop/facultate/an3sem1/SCS/proiect/project_1/project_1.srcs/sources_1/new/and_64.vhd:20]
INFO: [Common 17-14] Message 'Synth 8-3491' appears 100 times and further instances of the messages will be disabled. Use the Tcl command set_msg_config to change the current settings.
INFO: [Synth 8-256] done synthesizing module 'and_64' (0#1) [C:/Users/Tina/Desktop/facultate/an3sem1/SCS/proiect/project_1/project_1.srcs/sources_1/new/and_64.vhd:11]
INFO: [Synth 8-638] synthesizing module 'nand_64' [C:/Users/Tina/Desktop/facultate/an3sem1/SCS/proiect/project_1/project_1.srcs/sources_1/new/nand_64.vhd:11]
INFO: [Synth 8-638] synthesizing module 'nand_gate' [C:/Users/Tina/Desktop/facultate/an3sem1/SCS/proiect/project_1/project_1.srcs/sources_1/new/nand_gate.vhd:9]
INFO: [Synth 8-256] done synthesizing module 'nand_gate' (0#1) [C:/Users/Tina/Desktop/facultate/an3sem1/SCS/proiect/project_1/project_1.srcs/sources_1/new/nand_gate.vhd:9]
INFO: [Synth 8-256] done synthesizing module 'nand_64' (0#1) [C:/Users/Tina/Desktop/facultate/an3sem1/SCS/proiect/project_1/project_1.srcs/sources_1/new/nand_64.vhd:11]
INFO: [Synth 8-638] synthesizing module 'or_64' [C:/Users/Tina/Desktop/facultate/an3sem1/SCS/proiect/project_1/project_1.srcs/sources_1/new/or_64.vhd:11]
INFO: [Synth 8-638] synthesizing module 'or_gate' [C:/Users/Tina/Desktop/facultate/an3sem1/SCS/proiect/project_1/project_1.srcs/sources_1/new/or_gate.vhd:9]
INFO: [Synth 8-256] done synthesizing module 'or_gate' (0#1) [C:/Users/Tina/Desktop/facultate/an3sem1/SCS/proiect/project_1/project_1.srcs/sources_1/new/or_gate.vhd:9]
INFO: [Synth 8-256] done synthesizing module 'or_64' (0#1) [C:/Users/Tina/Desktop/facultate/an3sem1/SCS/proiect/project_1/project_1.srcs/sources_1/new/or_64.vhd:11]
INFO: [Synth 8-638] synthesizing module 'xor_64' [C:/Users/Tina/Desktop/facultate/an3sem1/SCS/proiect/project_1/project_1.srcs/sources_1/new/xor_64.vhd:11]
INFO: [Synth 8-638] synthesizing module 'xor_gate' [C:/Users/Tina/Desktop/facultate/an3sem1/SCS/proiect/project_1/project_1.srcs/sources_1/new/xor_gate.vhd:9]
INFO: [Synth 8-256] done synthesizing module 'xor_gate' (0#1) [C:/Users/Tina/Desktop/facultate/an3sem1/SCS/proiect/project_1/project_1.srcs/sources_1/new/xor_gate.vhd:9]
INFO: [Synth 8-256] done synthesizing module 'xor_64' (0#1) [C:/Users/Tina/Desktop/facultate/an3sem1/SCS/proiect/project_1/project_1.srcs/sources_1/new/xor_64.vhd:11]
INFO: [Synth 8-638] synthesizing module 'pcmpeqb' [C:/Users/Tina/Desktop/facultate/an3sem1/SCS/proiect/project_1/project_1.srcs/sources_1/new/pcmpeqb.vhd:9]
INFO: [Synth 8-638] synthesizing module 'comp_8' [C:/Users/Tina/Desktop/facultate/an3sem1/SCS/proiect/project_1/project_1.srcs/sources_1/new/comp_8.vhd:12]
INFO: [Synth 8-256] done synthesizing module 'comp_8' (0#1) [C:/Users/Tina/Desktop/facultate/an3sem1/SCS/proiect/project_1/project_1.srcs/sources_1/new/comp_8.vhd:12]
INFO: [Synth 8-256] done synthesizing module 'pcmpeqb' (0#1) [C:/Users/Tina/Desktop/facultate/an3sem1/SCS/proiect/project_1/project_1.srcs/sources_1/new/pcmpeqb.vhd:9]
INFO: [Synth 8-638] synthesizing module 'pcmpeqw' [C:/Users/Tina/Desktop/facultate/an3sem1/SCS/proiect/project_1/project_1.srcs/sources_1/new/pcmpeqw.vhd:9]
INFO: [Synth 8-638] synthesizing module 'comp_16' [C:/Users/Tina/Desktop/facultate/an3sem1/SCS/proiect/project_1/project_1.srcs/sources_1/new/comp_1.vhd:10]
INFO: [Synth 8-256] done synthesizing module 'comp_16' (0#1) [C:/Users/Tina/Desktop/facultate/an3sem1/SCS/proiect/project_1/project_1.srcs/sources_1/new/comp_1.vhd:10]
INFO: [Synth 8-256] done synthesizing module 'pcmpeqw' (0#1) [C:/Users/Tina/Desktop/facultate/an3sem1/SCS/proiect/project_1/project_1.srcs/sources_1/new/pcmpeqw.vhd:9]
INFO: [Synth 8-638] synthesizing module 'pcmpeqd' [C:/Users/Tina/Desktop/facultate/an3sem1/SCS/proiect/project_1/project_1.srcs/sources_1/new/pcmpeqd.vhd:9]
INFO: [Synth 8-638] synthesizing module 'comp_32' [C:/Users/Tina/Desktop/facultate/an3sem1/SCS/proiect/project_1/project_1.srcs/sources_1/new/comp_32.vhd:10]
INFO: [Synth 8-256] done synthesizing module 'comp_32' (0#1) [C:/Users/Tina/Desktop/facultate/an3sem1/SCS/proiect/project_1/project_1.srcs/sources_1/new/comp_32.vhd:10]
INFO: [Synth 8-256] done synthesizing module 'pcmpeqd' (0#1) [C:/Users/Tina/Desktop/facultate/an3sem1/SCS/proiect/project_1/project_1.srcs/sources_1/new/pcmpeqd.vhd:9]
INFO: [Synth 8-256] done synthesizing module 'mmx_operations' (0#1) [C:/Users/Tina/Desktop/facultate/an3sem1/SCS/proiect/project_1/project_1.srcs/sources_1/new/mmx_operations.vhd:15]
INFO: [Synth 8-638] synthesizing module 'SSD' [C:/Users/Tina/Desktop/facultate/an3sem1/SCS/proiect/project_1/project_1.srcs/sources_1/new/SSD.vhd:12]
INFO: [Synth 8-226] default block is never used [C:/Users/Tina/Desktop/facultate/an3sem1/SCS/proiect/project_1/project_1.srcs/sources_1/new/SSD.vhd:31]
INFO: [Synth 8-226] default block is never used [C:/Users/Tina/Desktop/facultate/an3sem1/SCS/proiect/project_1/project_1.srcs/sources_1/new/SSD.vhd:42]
INFO: [Synth 8-226] default block is never used [C:/Users/Tina/Desktop/facultate/an3sem1/SCS/proiect/project_1/project_1.srcs/sources_1/new/SSD.vhd:51]
INFO: [Synth 8-256] done synthesizing module 'SSD' (0#1) [C:/Users/Tina/Desktop/facultate/an3sem1/SCS/proiect/project_1/project_1.srcs/sources_1/new/SSD.vhd:12]
INFO: [Synth 8-256] done synthesizing module 'main' (0#1) [C:/Users/Tina/Desktop/facultate/an3sem1/SCS/proiect/project_1/project_1.srcs/sources_1/new/main.vhd:17]
---------------------------------------------------------------------------------
Finished RTL Elaboration : Time (s): cpu = 00:00:09 ; elapsed = 00:00:10 . Memory (MB): peak = 1301.887 ; gain = 505.176
---------------------------------------------------------------------------------
---------------------------------------------------------------------------------
Start Handling Custom Attributes
---------------------------------------------------------------------------------
---------------------------------------------------------------------------------
Finished Handling Custom Attributes : Time (s): cpu = 00:00:09 ; elapsed = 00:00:10 . Memory (MB): peak = 1301.887 ; gain = 505.176
---------------------------------------------------------------------------------
---------------------------------------------------------------------------------
Finished RTL Optimization Phase 1 : Time (s): cpu = 00:00:09 ; elapsed = 00:00:10 . Memory (MB): peak = 1301.887 ; gain = 505.176
---------------------------------------------------------------------------------
Netlist sorting complete. Time (s): cpu = 00:00:00 ; elapsed = 00:00:00.066 . Memory (MB): peak = 1301.887 ; gain = 0.000
INFO: [Project 1-570] Preparing netlist for logic optimization

Processing XDC Constraints
Initializing timing engine
Parsing XDC File [C:/Users/Tina/Desktop/facultate/an3sem1/SCS/proiect/project_1/project_1.srcs/constrs_1/new/constr.xdc]
Finished Parsing XDC File [C:/Users/Tina/Desktop/facultate/an3sem1/SCS/proiect/project_1/project_1.srcs/constrs_1/new/constr.xdc]
INFO: [Project 1-236] Implementation specific constraints were found while reading constraint file [C:/Users/Tina/Desktop/facultate/an3sem1/SCS/proiect/project_1/project_1.srcs/constrs_1/new/constr.xdc]. These constraints will be ignored for synthesis but will be used in implementation. Impacted constraints are listed in the file [.Xil/main_propImpl.xdc].
Resolution: To avoid this warning, move constraints listed in [.Xil/main_propImpl.xdc] to another XDC file and exclude this new file from synthesis with the used_in_synthesis property (File Properties dialog in GUI) and re-run elaboration/synthesis.
Completed Processing XDC Constraints

Netlist sorting complete. Time (s): cpu = 00:00:00 ; elapsed = 00:00:00.004 . Memory (MB): peak = 1373.645 ; gain = 0.000
INFO: [Project 1-111] Unisim Transformation Summary:
No Unisim elements were transformed.

Constraint Validation Runtime : Time (s): cpu = 00:00:00 ; elapsed = 00:00:00.014 . Memory (MB): peak = 1373.645 ; gain = 0.000
INFO: [Designutils 20-5440] No compile time benefit to using incremental synthesis; A full resynthesis will be run
INFO: [Designutils 20-4379] Flow is switching to default flow due to incremental criteria not met. If you would like to alter this behaviour and have the flow terminate instead, please set the following parameter config_implementation {autoIncr.Synth.RejectBehavior Terminate}
INFO: [Synth 8-11241] undeclared symbol 'REGCCE', assumed default net type 'wire' [D:/Xilinx/Vivado/2022.2/data/verilog/src/unimacro/BRAM_SINGLE_MACRO.v:2170]
---------------------------------------------------------------------------------
Finished Constraint Validation : Time (s): cpu = 00:00:29 ; elapsed = 00:00:32 . Memory (MB): peak = 1373.645 ; gain = 576.934
---------------------------------------------------------------------------------
---------------------------------------------------------------------------------
Start Loading Part and Timing Information
---------------------------------------------------------------------------------
Loading part: xc7a35tcpg236-1
---------------------------------------------------------------------------------
Finished Loading Part and Timing Information : Time (s): cpu = 00:00:29 ; elapsed = 00:00:32 . Memory (MB): peak = 1373.645 ; gain = 576.934
---------------------------------------------------------------------------------
---------------------------------------------------------------------------------
Start Applying 'set_property' XDC Constraints
---------------------------------------------------------------------------------
---------------------------------------------------------------------------------
Finished applying 'set_property' XDC Constraints : Time (s): cpu = 00:00:29 ; elapsed = 00:00:32 . Memory (MB): peak = 1373.645 ; gain = 576.934
---------------------------------------------------------------------------------
WARNING: [Synth 8-327] inferring latch for variable 'data_out1_reg' [C:/Users/Tina/Desktop/facultate/an3sem1/SCS/proiect/project_1/project_1.srcs/sources_1/new/regfile.vhd:39]
WARNING: [Synth 8-327] inferring latch for variable 'data_out2_reg' [C:/Users/Tina/Desktop/facultate/an3sem1/SCS/proiect/project_1/project_1.srcs/sources_1/new/regfile.vhd:40]
---------------------------------------------------------------------------------
Finished RTL Optimization Phase 2 : Time (s): cpu = 00:00:30 ; elapsed = 00:00:33 . Memory (MB): peak = 1373.645 ; gain = 576.934
---------------------------------------------------------------------------------
---------------------------------------------------------------------------------
Start RTL Component Statistics 
---------------------------------------------------------------------------------
Detailed RTL Component Info : 
+---Adders : 
	   2 Input    2 Bit       Adders := 1     
+---XORs : 
	   3 Input      1 Bit         XORs := 448   
	   2 Input      1 Bit         XORs := 64    
+---Registers : 
	               64 Bit    Registers := 9     
	               16 Bit    Registers := 1     
	                6 Bit    Registers := 1     
	                2 Bit    Registers := 1     
	                1 Bit    Registers := 12    
+---Muxes : 
	  15 Input   64 Bit        Muxes := 1     
	   2 Input   16 Bit        Muxes := 12    
	   4 Input   16 Bit        Muxes := 1     
	   2 Input    8 Bit        Muxes := 24    
	  15 Input    4 Bit        Muxes := 1     
	   4 Input    4 Bit        Muxes := 2     
	   2 Input    2 Bit        Muxes := 1     
	   2 Input    1 Bit        Muxes := 8     
---------------------------------------------------------------------------------
Finished RTL Component Statistics 
---------------------------------------------------------------------------------
---------------------------------------------------------------------------------
Start Part Resource Summary
---------------------------------------------------------------------------------
Part Resources:
DSPs: 90 (col length:60)
BRAMs: 100 (col length: RAMB18 60 RAMB36 30)
---------------------------------------------------------------------------------
Finished Part Resource Summary
---------------------------------------------------------------------------------
---------------------------------------------------------------------------------
Start Cross Boundary and Area Optimization
---------------------------------------------------------------------------------
WARNING: [Synth 8-7080] Parallel synthesis criteria is not met
---------------------------------------------------------------------------------
Finished Cross Boundary and Area Optimization : Time (s): cpu = 00:00:44 ; elapsed = 00:00:48 . Memory (MB): peak = 1373.645 ; gain = 576.934
---------------------------------------------------------------------------------
---------------------------------------------------------------------------------
Start Applying XDC Timing Constraints
---------------------------------------------------------------------------------
---------------------------------------------------------------------------------
Finished Applying XDC Timing Constraints : Time (s): cpu = 00:00:51 ; elapsed = 00:00:54 . Memory (MB): peak = 1373.645 ; gain = 576.934
---------------------------------------------------------------------------------
---------------------------------------------------------------------------------
Start Timing Optimization
---------------------------------------------------------------------------------
---------------------------------------------------------------------------------
Finished Timing Optimization : Time (s): cpu = 00:00:51 ; elapsed = 00:00:55 . Memory (MB): peak = 1373.645 ; gain = 576.934
---------------------------------------------------------------------------------
---------------------------------------------------------------------------------
Start Technology Mapping
---------------------------------------------------------------------------------
---------------------------------------------------------------------------------
Finished Technology Mapping : Time (s): cpu = 00:00:52 ; elapsed = 00:00:56 . Memory (MB): peak = 1373.645 ; gain = 576.934
---------------------------------------------------------------------------------
---------------------------------------------------------------------------------
Start IO Insertion
---------------------------------------------------------------------------------
---------------------------------------------------------------------------------
Start Flattening Before IO Insertion
---------------------------------------------------------------------------------
---------------------------------------------------------------------------------
Finished Flattening Before IO Insertion
---------------------------------------------------------------------------------
---------------------------------------------------------------------------------
Start Final Netlist Cleanup
---------------------------------------------------------------------------------
---------------------------------------------------------------------------------
Finished Final Netlist Cleanup
---------------------------------------------------------------------------------
---------------------------------------------------------------------------------
Finished IO Insertion : Time (s): cpu = 00:00:58 ; elapsed = 00:01:02 . Memory (MB): peak = 1379.695 ; gain = 582.984
---------------------------------------------------------------------------------
---------------------------------------------------------------------------------
Start Renaming Generated Instances
---------------------------------------------------------------------------------
---------------------------------------------------------------------------------
Finished Renaming Generated Instances : Time (s): cpu = 00:00:58 ; elapsed = 00:01:02 . Memory (MB): peak = 1379.695 ; gain = 582.984
---------------------------------------------------------------------------------
---------------------------------------------------------------------------------
Start Rebuilding User Hierarchy
---------------------------------------------------------------------------------
---------------------------------------------------------------------------------
Finished Rebuilding User Hierarchy : Time (s): cpu = 00:00:58 ; elapsed = 00:01:02 . Memory (MB): peak = 1379.695 ; gain = 582.984
---------------------------------------------------------------------------------
---------------------------------------------------------------------------------
Start Renaming Generated Ports
---------------------------------------------------------------------------------
---------------------------------------------------------------------------------
Finished Renaming Generated Ports : Time (s): cpu = 00:00:58 ; elapsed = 00:01:02 . Memory (MB): peak = 1379.695 ; gain = 582.984
---------------------------------------------------------------------------------
---------------------------------------------------------------------------------
Start Handling Custom Attributes
---------------------------------------------------------------------------------
---------------------------------------------------------------------------------
Finished Handling Custom Attributes : Time (s): cpu = 00:00:58 ; elapsed = 00:01:02 . Memory (MB): peak = 1379.695 ; gain = 582.984
---------------------------------------------------------------------------------
---------------------------------------------------------------------------------
Start Renaming Generated Nets
---------------------------------------------------------------------------------
---------------------------------------------------------------------------------
Finished Renaming Generated Nets : Time (s): cpu = 00:00:58 ; elapsed = 00:01:02 . Memory (MB): peak = 1379.695 ; gain = 582.984
---------------------------------------------------------------------------------
---------------------------------------------------------------------------------
Start Writing Synthesis Report
---------------------------------------------------------------------------------

Report BlackBoxes: 
+-+--------------+----------+
| |BlackBox name |Instances |
+-+--------------+----------+
+-+--------------+----------+

Report Cell Usage: 
+------+-------+------+
|      |Cell   |Count |
+------+-------+------+
|1     |BUFG   |     2|
|2     |CARRY4 |    29|
|3     |LUT1   |     2|
|4     |LUT2   |    88|
|5     |LUT3   |    48|
|6     |LUT4   |    36|
|7     |LUT5   |   216|
|8     |LUT6   |   576|
|9     |MUXF7  |   128|
|10    |FDCE   |   512|
|11    |FDRE   |   134|
|12    |LD     |   128|
|13    |IBUF   |    16|
|14    |OBUF   |    17|
+------+-------+------+
---------------------------------------------------------------------------------
Finished Writing Synthesis Report : Time (s): cpu = 00:00:58 ; elapsed = 00:01:02 . Memory (MB): peak = 1379.695 ; gain = 582.984
---------------------------------------------------------------------------------
Synthesis finished with 0 errors, 0 critical warnings and 3 warnings.
Synthesis Optimization Runtime : Time (s): cpu = 00:00:46 ; elapsed = 00:01:00 . Memory (MB): peak = 1379.695 ; gain = 511.227
Synthesis Optimization Complete : Time (s): cpu = 00:00:58 ; elapsed = 00:01:02 . Memory (MB): peak = 1379.695 ; gain = 582.984
INFO: [Project 1-571] Translating synthesized netlist
Netlist sorting complete. Time (s): cpu = 00:00:00 ; elapsed = 00:00:00.019 . Memory (MB): peak = 1391.895 ; gain = 0.000
INFO: [Netlist 29-17] Analyzing 285 Unisim elements for replacement
INFO: [Netlist 29-28] Unisim Transformation completed in 0 CPU seconds
WARNING: [Netlist 29-101] Netlist 'main' is not ideal for floorplanning, since the cellview 'RegFile' contains a large number of primitives.  Please consider enabling hierarchy in synthesis if you want to do floorplanning.
INFO: [Project 1-570] Preparing netlist for logic optimization
INFO: [Opt 31-138] Pushed 0 inverter(s) to 0 load pin(s).
Netlist sorting complete. Time (s): cpu = 00:00:00 ; elapsed = 00:00:00.001 . Memory (MB): peak = 1395.695 ; gain = 0.000
INFO: [Project 1-111] Unisim Transformation Summary:
  A total of 128 instances were transformed.
  LD => LDCE: 128 instances

Synth Design complete, checksum: 195d2a1d
INFO: [Common 17-83] Releasing license: Synthesis
195 Infos, 7 Warnings, 0 Critical Warnings and 0 Errors encountered.
synth_design completed successfully
synth_design: Time (s): cpu = 00:01:04 ; elapsed = 00:01:08 . Memory (MB): peak = 1395.695 ; gain = 976.680
INFO: [Common 17-1381] The checkpoint 'C:/Users/Tina/Desktop/facultate/an3sem1/SCS/proiect/project_1/project_1.runs/synth_1/main.dcp' has been generated.
INFO: [runtcl-4] Executing : report_utilization -file main_utilization_synth.rpt -pb main_utilization_synth.pb
INFO: [Common 17-206] Exiting Vivado at Wed Jan 17 14:31:27 2024...
